<?xml version="1.0" encoding="UTF-8"?>
<testsuite xmlns:xsi="http://www.w3.org/2001/XMLSchema-instance" xsi:noNamespaceSchemaLocation="https://maven.apache.org/surefire/maven-surefire-plugin/xsd/surefire-test-report-3.0.xsd" version="3.0" name="aed.EdrTests" time="0.163" tests="15" errors="0" skipped="0" failures="0">
  <properties>
[...]
</properties>
  <testcase name="revisar_copias_examenes_incompletos" classname="aed.EdrTests" time="0.076"/>
  <testcase name="un_alumno_se_copia_de_la_darkweb" classname="aed.EdrTests" time="0.003"/>
  <testcase name="varios_alumnos_se_copian_de_varios_examenes" classname="aed.EdrTests" time="0.002"/>
  <testcase name="revisar_copias_examenes_completos" classname="aed.EdrTests" time="0.002"/>
  <testcase name="los_alumnos_resuelven_varios_problemas" classname="aed.EdrTests" time="0.002"/>
  <testcase name="nuevo_edr" classname="aed.EdrTests" time="0.001"/>
  <testcase name="copias_de_exacto_25_porciento" classname="aed.EdrTests" time="0.002"/>
  <testcase name="no_hay_copiones" classname="aed.EdrTests" time="0.001"/>
  <testcase name="todos_copiones" classname="aed.EdrTests" time="0.001"/>
  <testcase name="darkweb_no_incluye_estudiantes_que_entregaron" classname="aed.EdrTests" time="0.002"/>
  <testcase name="varios_alumnos_se_copian_de_la_darkweb" classname="aed.EdrTests" time="0.001"/>
  <testcase name="los_alumnos_resuelven_un_problema" classname="aed.EdrTests" time="0.001"/>
  <testcase name="alumnos_se_copian_una_vez" classname="aed.EdrTests" time="0.002"/>
  <testcase name="alumnos_se_copian_mas_de_una_vez" classname="aed.EdrTests" time="0.001"/>
  <testcase name="no_hay_aliasing_con_los_examenes_subidos" classname="aed.EdrTests" time="0.001"/>
</testsuite>